<?xml version="1.0" encoding="UTF-8"?>
<testng-results ignored="0" total="1" passed="1" failed="0" skipped="0">
  <reporter-output>
  </reporter-output>
  <suite started-at="2022-03-23T14:51:14 IST" name="Default suite" finished-at="2022-03-23T14:51:29 IST" duration-ms="15539">
    <groups>
    </groups>
    <test started-at="2022-03-23T14:51:14 IST" name="Default test" finished-at="2022-03-23T14:51:29 IST" duration-ms="15539">
      <class name="com.autodesk.demo.create.LoginVtigerTest">
        <test-method signature="loginVtiger()[pri:0, instance:com.autodesk.demo.create.LoginVtigerTest@759d26fb]" started-at="2022-03-23T14:51:14 IST" name="loginVtiger" finished-at="2022-03-23T14:51:29 IST" duration-ms="15478" status="PASS">
          <reporter-output>
          </reporter-output>
        </test-method> <!-- loginVtiger -->
      </class> <!-- com.autodesk.demo.create.LoginVtigerTest -->
    </test> <!-- Default test -->
  </suite> <!-- Default suite -->
</testng-results>
